Removed Pin From Net: NetName=MOSI Pin=J8-1
Removed Pin From Net: NetName=MISO Pin=J8-2
Removed Pin From Net: NetName=SCK Pin=J8-3
Removed Pin From Net: NetName=LoRacs Pin=J8-4
Removed Pin From Net: NetName=LoRarst Pin=J8-5
Removed Pin From Net: NetName=LoRaDIO0 Pin=J8-6
Removed Pin From Net: NetName=SDAa Pin=J8-7
Removed Pin From Net: NetName=SCLa Pin=J8-8
Added Component: Designator=B1(BUZZER)
Added Component: Designator=C1(CERAMIC CAP)
Added Component: Designator=C2(Electrolytic capacitor 2mm)
Added Component: Designator=D1(3mm_LED)
Added Component: Designator=D2(3mm_LED)
Added Component: Designator=J1(BATT)
Added Component: Designator=J2(BATT)
Added Component: Designator=J3(CONN2x1_2.54mm)
Added Component: Designator=J4(CONN2x1_2.54mm)
Added Component: Designator=J5(CONN2x1_2.54mm)
Added Component: Designator=R1(THT RESISTOR)
Added Component: Designator=R2(THT RESISTOR)
Added Component: Designator=R3(THT RESISTOR)
Added Component: Designator=R4(THT RESISTOR)
Added Component: Designator=SW1(PWR-SW)
Added Component: Designator=U1(2N2222A)
Added Component: Designator=U2(DHT11)
Added Component: Designator=U3(MPU6050)
Added Component: Designator=U4(BMP180)
Added Component: Designator=U5(LF33CV)
Added Pin To Net: NetName=3V3 Pin=B1-1
Added Pin To Net: NetName=NetB1_2 Pin=B1-2
Added Pin To Net: NetName=GND Pin=C1-1
Added Pin To Net: NetName=NetC1_2 Pin=C1-2
Added Pin To Net: NetName=GND Pin=C2-1
Added Pin To Net: NetName=NetC2_2 Pin=C2-2
Added Pin To Net: NetName=NetD1_1 Pin=D1-1
Added Pin To Net: NetName=NetB1_2 Pin=D1-2
Added Pin To Net: NetName=3V3 Pin=D2-1
Added Pin To Net: NetName=NetD2_2 Pin=D2-2
Added Pin To Net: NetName=NetC1_2 Pin=J1-1
Added Pin To Net: NetName=GND Pin=J1-2
Added Pin To Net: NetName=3V3 Pin=J2-1
Added Pin To Net: NetName=GND Pin=J2-2
Added Pin To Net: NetName=3V3a Pin=J3-1
Added Pin To Net: NetName=GNDa Pin=J3-2
Added Pin To Net: NetName=32 Pin=J4-1
Added Pin To Net: NetName=SDA Pin=J5-1
Added Pin To Net: NetName=SCL Pin=J5-2
Added Pin To Net: NetName=SCLa Pin=J8-1
Added Pin To Net: NetName=SDAa Pin=J8-2
Added Pin To Net: NetName=MOSI Pin=J8-3
Added Pin To Net: NetName=MISO Pin=J8-4
Added Pin To Net: NetName=SCK Pin=J8-5
Added Pin To Net: NetName=LoRacs Pin=J8-6
Added Pin To Net: NetName=LoRarst Pin=J8-7
Added Pin To Net: NetName=LoRaDIO0 Pin=J8-8
Added Pin To Net: NetName=32 Pin=R1-1
Added Pin To Net: NetName=NetR1_2 Pin=R1-2
Added Pin To Net: NetName=3V3 Pin=R2-1
Added Pin To Net: NetName=NetD1_1 Pin=R2-2
Added Pin To Net: NetName=GND Pin=R3-1
Added Pin To Net: NetName=NetD2_2 Pin=R3-2
Added Pin To Net: NetName=3V3a Pin=R4-1
Added Pin To Net: NetName=NetR4_2 Pin=R4-2
Added Pin To Net: NetName=NetC2_2 Pin=SW1-1
Added Pin To Net: NetName=3V3 Pin=SW1-2
Added Pin To Net: NetName=NetB1_2 Pin=U1-1
Added Pin To Net: NetName=NetR1_2 Pin=U1-2
Added Pin To Net: NetName=GND Pin=U1-3
Added Pin To Net: NetName=3V3a Pin=U2-1
Added Pin To Net: NetName=NetR4_2 Pin=U2-2
Added Pin To Net: NetName=GNDa Pin=U2-3
Added Pin To Net: NetName=3V3a Pin=U3-1
Added Pin To Net: NetName=GNDa Pin=U3-2
Added Pin To Net: NetName=SCL Pin=U3-3
Added Pin To Net: NetName=SDA Pin=U3-4
Added Pin To Net: NetName=3V3a Pin=U4-1
Added Pin To Net: NetName=GNDa Pin=U4-2
Added Pin To Net: NetName=SCL Pin=U4-3
Added Pin To Net: NetName=SDA Pin=U4-4
Added Pin To Net: NetName=NetC1_2 Pin=U5-1
Added Pin To Net: NetName=GND Pin=U5-2
Added Pin To Net: NetName=NetC2_2 Pin=U5-3
Added Member To Class: ClassName=CanSat1_Sch Member=Component B1 Buzzer
Added Member To Class: ClassName=CanSat1_Sch Member=Component C1 100nF
Added Member To Class: ClassName=CanSat1_Sch Member=Component C2 2.2uF
Added Member To Class: ClassName=CanSat1_Sch Member=Component D1 0805 LED
Added Member To Class: ClassName=CanSat1_Sch Member=Component D2 0805 LED
Added Member To Class: ClassName=CanSat1_Sch Member=Component J1 PWR_CONNECTOR
Added Member To Class: ClassName=CanSat1_Sch Member=Component J2 PWR_CONNECTOR
Added Member To Class: ClassName=SENSORS Member=Component J3 2x1_CONN
Added Member To Class: ClassName=CanSat1_Sch Member=Component J4 2x1_CONN
Added Member To Class: ClassName=SENSORS Member=Component J5 2x1_CONN
Added Member To Class: ClassName=CanSat1_Sch Member=Component R1 330R
Added Member To Class: ClassName=CanSat1_Sch Member=Component R2 330R
Added Member To Class: ClassName=CanSat1_Sch Member=Component R3 330R
Added Member To Class: ClassName=SENSORS Member=Component R4 330R
Added Member To Class: ClassName=CanSat1_Sch Member=Component SW1 PWR_SW
Added Member To Class: ClassName=CanSat1_Sch Member=Component U1 NPN Transistor
Added Member To Class: ClassName=SENSORS Member=Component U2 DHT11
Added Member To Class: ClassName=SENSORS Member=Component U3 MPU6050
Added Member To Class: ClassName=SENSORS Member=Component U4 BMP180
Added Member To Class: ClassName=CanSat1_Sch Member=Component U5 3V3_REG
