Added Component: Designator=B1(BUZZER)
Added Component: Designator=C1(CERAMIC CAP)
Added Component: Designator=C2(Electrolytic capacitor 2mm)
Added Component: Designator=D1(3mm_LED)
Added Component: Designator=J1(BATT)
Added Component: Designator=J2(BATT)
Added Component: Designator=J3(CONN2x1_2.54mm)
Added Component: Designator=J4(CONN2x1_2.54mm)
Added Component: Designator=R1(THT RESISTOR)
Added Component: Designator=R2(THT RESISTOR)
Added Component: Designator=R3(THT RESISTOR)
Added Component: Designator=SW1(PWR-SW)
Added Component: Designator=U1(2N2222A)
Added Component: Designator=U2(DHT11)
Added Component: Designator=U3(BMP180)
Added Component: Designator=U4(MPU6050)
Added Component: Designator=U5(LF33CV)
Added Pin To Net: NetName=3V3 Pin=J2-1
Added Pin To Net: NetName=3V3 Pin=R3-1
Added Pin To Net: NetName=3V3 Pin=SW1-2
Added Pin To Net: NetName=3V3 Pin=U2-1
Added Pin To Net: NetName=3V3 Pin=U3-1
Added Pin To Net: NetName=3V3 Pin=U4-1
Added Net: Name=3V3
Added Pin To Net: NetName=32 Pin=J4-1
Added Pin To Net: NetName=32 Pin=R1-1
Added Net: Name=32
Added Pin To Net: NetName=GND Pin=B1-1
Added Pin To Net: NetName=GND Pin=C1-1
Added Pin To Net: NetName=GND Pin=C2-1
Added Pin To Net: NetName=GND Pin=J1-2
Added Pin To Net: NetName=GND Pin=J2-2
Added Pin To Net: NetName=GND Pin=R2-1
Added Pin To Net: NetName=GND Pin=U1-3
Added Pin To Net: NetName=GND Pin=U2-3
Added Pin To Net: NetName=GND Pin=U3-2
Added Pin To Net: NetName=GND Pin=U4-2
Added Pin To Net: NetName=GND Pin=U5-2
Added Net: Name=GND
Added Pin To Net: NetName=NetB1_2 Pin=B1-2
Added Pin To Net: NetName=NetB1_2 Pin=D1-2
Added Pin To Net: NetName=NetB1_2 Pin=U1-1
Added Net: Name=NetB1_2
Added Pin To Net: NetName=NetC1_2 Pin=C1-2
Added Pin To Net: NetName=NetC1_2 Pin=J1-1
Added Pin To Net: NetName=NetC1_2 Pin=U5-1
Added Net: Name=NetC1_2
Added Pin To Net: NetName=NetC2_2 Pin=C2-2
Added Pin To Net: NetName=NetC2_2 Pin=SW1-1
Added Pin To Net: NetName=NetC2_2 Pin=U5-3
Added Net: Name=NetC2_2
Added Pin To Net: NetName=NetD1_1 Pin=D1-1
Added Pin To Net: NetName=NetD1_1 Pin=R2-2
Added Net: Name=NetD1_1
Added Pin To Net: NetName=NetR1_2 Pin=R1-2
Added Pin To Net: NetName=NetR1_2 Pin=U1-2
Added Net: Name=NetR1_2
Added Pin To Net: NetName=NetR3_2 Pin=R3-2
Added Pin To Net: NetName=NetR3_2 Pin=U2-2
Added Net: Name=NetR3_2
Added Pin To Net: NetName=SCL Pin=J3-2
Added Pin To Net: NetName=SCL Pin=U3-3
Added Pin To Net: NetName=SCL Pin=U4-3
Added Net: Name=SCL
Added Pin To Net: NetName=SDA Pin=J3-1
Added Pin To Net: NetName=SDA Pin=U3-4
Added Pin To Net: NetName=SDA Pin=U4-4
Added Net: Name=SDA
Added Class: Name=CanSat1_Sch
